<?xml version="1.0" encoding="UTF-8"?>
<testng-results ignored="0" total="3" passed="3" failed="0" skipped="0">
  <reporter-output>
  </reporter-output>
  <suite started-at="2024-01-19T18:09:31 IST" name="Default suite" finished-at="2024-01-19T18:11:15 IST" duration-ms="104174">
    <groups>
      <group name="cucumber">
        <method signature="AbstractTestNGCucumberTests.runScenario(io.cucumber.testng.PickleWrapper,io.cucumber.testng.FeatureWrapper)[pri:0, instance:runner.TestNgRunner@66982506]" name="runScenario" class="io.cucumber.testng.AbstractTestNGCucumberTests"/>
      </group> <!-- cucumber -->
    </groups>
    <test started-at="2024-01-19T18:09:31 IST" name="Default test" finished-at="2024-01-19T18:11:15 IST" duration-ms="104174">
      <class name="runner.TestNgRunner">
        <test-method is-config="true" signature="setUpClass(org.testng.ITestContext)[pri:0, instance:runner.TestNgRunner@66982506]" started-at="2024-01-19T18:09:31 IST" name="setUpClass" finished-at="2024-01-19T18:09:33 IST" duration-ms="1537" status="PASS">
          <params>
            <param index="0">
              <value>
                <![CDATA[org.testng.TestRunner@27b7204]]>
              </value>
            </param>
          </params>
          <reporter-output>
          </reporter-output>
        </test-method> <!-- setUpClass -->
        <test-method signature="runScenario(io.cucumber.testng.PickleWrapper,io.cucumber.testng.FeatureWrapper)[pri:0, instance:runner.TestNgRunner@66982506]" started-at="2024-01-19T18:09:33 IST" name="runScenario" description="Runs Cucumber Scenarios" data-provider="scenarios" finished-at="2024-01-19T18:10:32 IST" duration-ms="59691" status="PASS">
          <params>
            <param index="0">
              <value>
                <![CDATA["User confirms all books with "AddToCart" button"]]>
              </value>
            </param>
            <param index="1">
              <value>
                <![CDATA["E-commerce Website Test"]]>
              </value>
            </param>
          </params>
          <reporter-output>
          </reporter-output>
        </test-method> <!-- runScenario -->
        <test-method signature="runScenario(io.cucumber.testng.PickleWrapper,io.cucumber.testng.FeatureWrapper)[pri:0, instance:runner.TestNgRunner@66982506]" started-at="2024-01-19T18:10:32 IST" name="runScenario" description="Runs Cucumber Scenarios" data-provider="scenarios" finished-at="2024-01-19T18:10:51 IST" duration-ms="18308" status="PASS">
          <params>
            <param index="0">
              <value>
                <![CDATA["User adds the third book to the cart"]]>
              </value>
            </param>
            <param index="1">
              <value>
                <![CDATA["E-commerce Website Test"]]>
              </value>
            </param>
          </params>
          <reporter-output>
          </reporter-output>
        </test-method> <!-- runScenario -->
        <test-method signature="runScenario(io.cucumber.testng.PickleWrapper,io.cucumber.testng.FeatureWrapper)[pri:0, instance:runner.TestNgRunner@66982506]" started-at="2024-01-19T18:10:51 IST" name="runScenario" description="Runs Cucumber Scenarios" data-provider="scenarios" finished-at="2024-01-19T18:11:10 IST" duration-ms="19425" status="PASS">
          <params>
            <param index="0">
              <value>
                <![CDATA["User adds and deletes products from the cart"]]>
              </value>
            </param>
            <param index="1">
              <value>
                <![CDATA["E-commerce Website Test"]]>
              </value>
            </param>
          </params>
          <reporter-output>
          </reporter-output>
        </test-method> <!-- runScenario -->
        <test-method is-config="true" signature="tearDownClass()[pri:0, instance:runner.TestNgRunner@66982506]" started-at="2024-01-19T18:11:10 IST" name="tearDownClass" finished-at="2024-01-19T18:11:15 IST" duration-ms="5127" status="PASS">
          <reporter-output>
          </reporter-output>
        </test-method> <!-- tearDownClass -->
      </class> <!-- runner.TestNgRunner -->
    </test> <!-- Default test -->
  </suite> <!-- Default suite -->
</testng-results>
